<?xml version="1.0" encoding="UTF-8"?>
<!-- Generated by org.testng.reporters.JUnitReportReporter -->
<testsuite hostname="dce79ced05d7" failures="0" tests="2" name="com.mypurecloud.sdk.v2.ApiMTLSClientInjectionTest" time="0.168" errors="0" timestamp="2026-07-31T16:39:42 UTC" skipped="0">
  <testcase classname="com.mypurecloud.sdk.v2.ApiMTLSClientInjectionTest" name="testApiClientConfiguration" time="0.055"/>
  <testcase classname="com.mypurecloud.sdk.v2.ApiMTLSClientInjectionTest" name="testAuthentication" time="0.113"/>
</testsuite> <!-- com.mypurecloud.sdk.v2.ApiMTLSClientInjectionTest -->
