<?xml version="1.0" encoding="UTF-8"?>
<!-- Generated by org.testng.reporters.JUnitReportReporter -->
<testsuite hostname="0c8536048e6e" failures="0" tests="2" name="com.mypurecloud.sdk.v2.ApiMTLSClientInjectionTest" time="0.206" errors="0" timestamp="2026-02-09T08:14:15 UTC" skipped="0">
  <testcase classname="com.mypurecloud.sdk.v2.ApiMTLSClientInjectionTest" name="testApiClientConfiguration" time="0.031"/>
  <testcase classname="com.mypurecloud.sdk.v2.ApiMTLSClientInjectionTest" name="testAuthentication" time="0.175"/>
</testsuite> <!-- com.mypurecloud.sdk.v2.ApiMTLSClientInjectionTest -->
