<?xml version="1.0" encoding="UTF-8"?>
<!-- Generated by org.testng.reporters.JUnitXMLReporter -->
<testsuite hostname="jenkins-agent-10-25-218-128" ignored="0" name="Apache" tests="8" failures="0" timestamp="2022-06-20T11:49:16 UTC" time="5.591" errors="0">
  <testcase name="traceBasicInformation" time="0.004" classname="com.mypurecloud.sdk.v2.SdkTests"/>
  <testcase name="authenticate" time="3.169" classname="com.mypurecloud.sdk.v2.SdkTests"/>
  <testcase name="createUser" time="1.113" classname="com.mypurecloud.sdk.v2.SdkTests"/>
  <testcase name="updateUser" time="0.217" classname="com.mypurecloud.sdk.v2.SdkTests"/>
  <testcase name="setProfileSkills" time="0.193" classname="com.mypurecloud.sdk.v2.SdkTests"/>
  <testcase name="testNotifications" time="0.548" classname="com.mypurecloud.sdk.v2.SdkTests"/>
  <testcase name="getUser" time="0.084" classname="com.mypurecloud.sdk.v2.SdkTests"/>
  <testcase name="deleteUser" time="0.217" classname="com.mypurecloud.sdk.v2.SdkTests"/>
</testsuite> <!-- Apache -->
