<?xml version="1.0" encoding="UTF-8"?>
<!-- Generated by org.testng.reporters.JUnitXMLReporter -->
<testsuite ignored="0" hostname="jenkins-agent-10-25-230-38" failures="0" tests="9" name="Apache" time="2.54" errors="0" timestamp="2023-05-11T06:50:24 UTC">
  <testcase classname="com.mypurecloud.sdk.v2.SdkTests" name="traceBasicInformation" time="0.01"/>
  <testcase classname="com.mypurecloud.sdk.v2.SdkTests" name="authenticate" time="0.858"/>
  <testcase classname="com.mypurecloud.sdk.v2.SdkTests" name="createUser" time="0.702"/>
  <testcase classname="com.mypurecloud.sdk.v2.SdkTests" name="updateUser" time="0.172"/>
  <testcase classname="com.mypurecloud.sdk.v2.SdkTests" name="setProfileSkills" time="0.105"/>
  <testcase classname="com.mypurecloud.sdk.v2.SdkTests" name="testNotifications" time="0.398"/>
  <testcase classname="com.mypurecloud.sdk.v2.SdkTests" name="getUser" time="0.088"/>
  <testcase classname="com.mypurecloud.sdk.v2.SdkTests" name="testObjectMapperIgnoresUnknownProperties" time="0.001"/>
  <testcase classname="com.mypurecloud.sdk.v2.SdkTests" name="deleteUser" time="0.153"/>
</testsuite> <!-- Apache -->
