<?xml version="1.0" encoding="UTF-8"?>
<!-- Generated by org.testng.reporters.JUnitXMLReporter -->
<testsuite ignored="0" hostname="jenkins-agent-10-25-206-8" failures="0" tests="10" name="Ning" time="2.238" errors="0" timestamp="2025-09-30T17:07:07 UTC">
  <testcase classname="com.mypurecloud.sdk.v2.SdkTests" name="traceBasicInformation" time="0.0"/>
  <testcase classname="com.mypurecloud.sdk.v2.SdkTests" name="authenticate" time="0.438"/>
  <testcase classname="com.mypurecloud.sdk.v2.SdkTests" name="createUser" time="0.514"/>
  <testcase classname="com.mypurecloud.sdk.v2.SdkTests" name="updateUser" time="0.135"/>
  <testcase classname="com.mypurecloud.sdk.v2.SdkTests" name="setProfileSkills" time="0.147"/>
  <testcase classname="com.mypurecloud.sdk.v2.SdkTests" name="testNotifications" time="0.571"/>
  <testcase classname="com.mypurecloud.sdk.v2.SdkTests" name="getUser" time="0.083"/>
  <testcase classname="com.mypurecloud.sdk.v2.SdkTests" name="testObjectMapperIgnoresUnknownProperties" time="0.001"/>
  <testcase classname="com.mypurecloud.sdk.v2.SdkTests" name="testPreAndPostHooks" time="0.06"/>
  <testcase classname="com.mypurecloud.sdk.v2.SdkTests" name="deleteUser" time="0.277"/>
</testsuite> <!-- Ning -->
