<?xml version="1.0" encoding="UTF-8"?>
<!-- Generated by org.testng.reporters.JUnitXMLReporter -->
<testsuite hostname="jenkins-agent-10-25-214-164" ignored="0" name="Ning" tests="8" failures="0" timestamp="2022-05-18T08:13:44 UTC" time="2.576" errors="0">
  <testcase name="traceBasicInformation" time="0.006" classname="com.mypurecloud.sdk.v2.SdkTests"/>
  <testcase name="authenticate" time="0.86" classname="com.mypurecloud.sdk.v2.SdkTests"/>
  <testcase name="createUser" time="0.66" classname="com.mypurecloud.sdk.v2.SdkTests"/>
  <testcase name="updateUser" time="0.226" classname="com.mypurecloud.sdk.v2.SdkTests"/>
  <testcase name="setProfileSkills" time="0.128" classname="com.mypurecloud.sdk.v2.SdkTests"/>
  <testcase name="testNotifications" time="0.392" classname="com.mypurecloud.sdk.v2.SdkTests"/>
  <testcase name="getUser" time="0.077" classname="com.mypurecloud.sdk.v2.SdkTests"/>
  <testcase name="deleteUser" time="0.183" classname="com.mypurecloud.sdk.v2.SdkTests"/>
</testsuite> <!-- Ning -->
