<?xml version="1.0" encoding="UTF-8"?>
<!-- Generated by org.testng.reporters.JUnitXMLReporter -->
<testsuite ignored="0" hostname="jenkins-agent-10-25-207-124" failures="0" tests="9" name="OkHTTP" time="3.003" errors="0" timestamp="2024-10-29T07:09:52 UTC">
  <testcase classname="com.mypurecloud.sdk.v2.SdkTests" name="traceBasicInformation" time="0.007"/>
  <testcase classname="com.mypurecloud.sdk.v2.SdkTests" name="authenticate" time="1.385"/>
  <testcase classname="com.mypurecloud.sdk.v2.SdkTests" name="createUser" time="0.65"/>
  <testcase classname="com.mypurecloud.sdk.v2.SdkTests" name="updateUser" time="0.157"/>
  <testcase classname="com.mypurecloud.sdk.v2.SdkTests" name="setProfileSkills" time="0.07"/>
  <testcase classname="com.mypurecloud.sdk.v2.SdkTests" name="testNotifications" time="0.447"/>
  <testcase classname="com.mypurecloud.sdk.v2.SdkTests" name="getUser" time="0.04"/>
  <testcase classname="com.mypurecloud.sdk.v2.SdkTests" name="testObjectMapperIgnoresUnknownProperties" time="0.001"/>
  <testcase classname="com.mypurecloud.sdk.v2.SdkTests" name="deleteUser" time="0.149"/>
</testsuite> <!-- OkHTTP -->
