<?xml version="1.0" encoding="UTF-8"?>
<!-- Generated by org.testng.reporters.JUnitXMLReporter -->
<testsuite hostname="jenkins-agent-10-25-232-35" ignored="0" name="OkHTTP" tests="8" failures="0" timestamp="2022-03-15T06:29:20 UTC" time="5.321" errors="0">
  <testcase name="traceBasicInformation" time="0.016" classname="com.mypurecloud.sdk.v2.SdkTests"/>
  <testcase name="authenticate" time="2.679" classname="com.mypurecloud.sdk.v2.SdkTests"/>
  <testcase name="createUser" time="1.168" classname="com.mypurecloud.sdk.v2.SdkTests"/>
  <testcase name="updateUser" time="0.184" classname="com.mypurecloud.sdk.v2.SdkTests"/>
  <testcase name="setProfileSkills" time="0.282" classname="com.mypurecloud.sdk.v2.SdkTests"/>
  <testcase name="testNotifications" time="0.668" classname="com.mypurecloud.sdk.v2.SdkTests"/>
  <testcase name="getUser" time="0.034" classname="com.mypurecloud.sdk.v2.SdkTests"/>
  <testcase name="deleteUser" time="0.164" classname="com.mypurecloud.sdk.v2.SdkTests"/>
</testsuite> <!-- OkHTTP -->
