<?xml version="1.0" encoding="UTF-8"?>
<!-- Generated by org.testng.reporters.JUnitXMLReporter -->
<testsuite hostname="jslave-traditional-10-25-206-6" ignored="0" name="Unit Tests" tests="18" failures="0" timestamp="25 Aug 2020 07:54:55 GMT" time="129.627" errors="0">
  <testcase name="invokeTestWith_429" time="6.066" classname="com.mypurecloud.sdk.v2.ApiClientRetryTest"/>
  <testcase name="invokeTestWith_429_And_No_MaxRetryTime" time="0.031" classname="com.mypurecloud.sdk.v2.ApiClientRetryTest"/>
  <testcase name="invokeTestWith_502" time="13.035" classname="com.mypurecloud.sdk.v2.ApiClientRetryTest"/>
  <testcase name="invokeTestWith_503" time="40.04" classname="com.mypurecloud.sdk.v2.ApiClientRetryTest"/>
  <testcase name="invokeTestWith_504" time="2.06" classname="com.mypurecloud.sdk.v2.ApiClientRetryTest"/>
  <testcase name="invokeTestWith_504_No_MaxRetryTime" time="0.028" classname="com.mypurecloud.sdk.v2.ApiClientRetryTest"/>
  <testcase name="shouldRetryTestWith_200" time="0.001" classname="com.mypurecloud.sdk.v2.ApiClientRetryTest"/>
  <testcase name="shouldRetryTestWith_429" time="1.0" classname="com.mypurecloud.sdk.v2.ApiClientRetryTest"/>
  <testcase name="shouldRetryTestWith_502" time="1.0" classname="com.mypurecloud.sdk.v2.ApiClientRetryTest"/>
  <testcase name="shouldRetryTestWith_502_And_0_MaxRetryTime" time="0.0" classname="com.mypurecloud.sdk.v2.ApiClientRetryTest"/>
  <testcase name="shouldRetryTestWith_503_And_RetryConfig" time="3.001" classname="com.mypurecloud.sdk.v2.ApiClientRetryTest"/>
  <testcase name="shouldRetryTestWith_504_And_No_RetryAfter_Header" time="3.001" classname="com.mypurecloud.sdk.v2.ApiClientRetryTest"/>
  <testcase name="invokeAsyncTestWith_429" time="5.037" classname="com.mypurecloud.sdk.v2.ApiClientRetryAsyncTest"/>
  <testcase name="invokeAsyncTestWith_429_And_No_MaxRetryTime" time="0.032" classname="com.mypurecloud.sdk.v2.ApiClientRetryAsyncTest"/>
  <testcase name="invokeAsyncTestWith_502" time="13.035" classname="com.mypurecloud.sdk.v2.ApiClientRetryAsyncTest"/>
  <testcase name="invokeAsyncTestWith_503" time="40.034" classname="com.mypurecloud.sdk.v2.ApiClientRetryAsyncTest"/>
  <testcase name="invokeAsyncTestWith_504" time="2.062" classname="com.mypurecloud.sdk.v2.ApiClientRetryAsyncTest"/>
  <testcase name="invokeAsyncTestWith_504_And_No_MaxRetryTime" time="0.029" classname="com.mypurecloud.sdk.v2.ApiClientRetryAsyncTest"/>
</testsuite> <!-- Unit Tests -->
