<?xml version="1.0" encoding="UTF-8"?>
<!-- Generated by org.testng.reporters.JUnitXMLReporter -->
<testsuite ignored="0" hostname="jenkins-agent-10-25-239-14" failures="0" tests="18" name="Unit Tests" time="131.68" errors="0" timestamp="2025-02-16T08:22:11 UTC">
  <testcase classname="com.mypurecloud.sdk.v2.ApiClientRetryTest" name="invokeTestWith_429" time="6.227"/>
  <testcase classname="com.mypurecloud.sdk.v2.ApiClientRetryTest" name="invokeTestWith_429_And_No_MaxRetryTime" time="0.123"/>
  <testcase classname="com.mypurecloud.sdk.v2.ApiClientRetryTest" name="invokeTestWith_502" time="13.134"/>
  <testcase classname="com.mypurecloud.sdk.v2.ApiClientRetryTest" name="invokeTestWith_503" time="40.104"/>
  <testcase classname="com.mypurecloud.sdk.v2.ApiClientRetryTest" name="invokeTestWith_504" time="2.148"/>
  <testcase classname="com.mypurecloud.sdk.v2.ApiClientRetryTest" name="invokeTestWith_504_No_MaxRetryTime" time="0.091"/>
  <testcase classname="com.mypurecloud.sdk.v2.ApiClientRetryTest" name="shouldRetryTestWith_200" time="0.002"/>
  <testcase classname="com.mypurecloud.sdk.v2.ApiClientRetryTest" name="shouldRetryTestWith_429" time="1.001"/>
  <testcase classname="com.mypurecloud.sdk.v2.ApiClientRetryTest" name="shouldRetryTestWith_502" time="1.003"/>
  <testcase classname="com.mypurecloud.sdk.v2.ApiClientRetryTest" name="shouldRetryTestWith_502_And_0_MaxRetryTime" time="0.0"/>
  <testcase classname="com.mypurecloud.sdk.v2.ApiClientRetryTest" name="shouldRetryTestWith_503_And_RetryConfig" time="3.001"/>
  <testcase classname="com.mypurecloud.sdk.v2.ApiClientRetryTest" name="shouldRetryTestWith_504_And_No_RetryAfter_Header" time="3.0"/>
  <testcase classname="com.mypurecloud.sdk.v2.ApiClientRetryAsyncTest" name="invokeAsyncTestWith_429" time="5.121"/>
  <testcase classname="com.mypurecloud.sdk.v2.ApiClientRetryAsyncTest" name="invokeAsyncTestWith_429_And_No_MaxRetryTime" time="0.092"/>
  <testcase classname="com.mypurecloud.sdk.v2.ApiClientRetryAsyncTest" name="invokeAsyncTestWith_502" time="13.094"/>
  <testcase classname="com.mypurecloud.sdk.v2.ApiClientRetryAsyncTest" name="invokeAsyncTestWith_503" time="40.092"/>
  <testcase classname="com.mypurecloud.sdk.v2.ApiClientRetryAsyncTest" name="invokeAsyncTestWith_504" time="2.112"/>
  <testcase classname="com.mypurecloud.sdk.v2.ApiClientRetryAsyncTest" name="invokeAsyncTestWith_504_And_No_MaxRetryTime" time="0.103"/>
</testsuite> <!-- Unit Tests -->
