<?xml version="1.0" encoding="UTF-8"?>
<testsuite xmlns:xsi="http://www.w3.org/2001/XMLSchema-instance" xsi:noNamespaceSchemaLocation="https://maven.apache.org/surefire/maven-surefire-plugin/xsd/surefire-test-report.xsd" version="3.0.2" name="TestSuite" time="141.199" tests="48" errors="0" skipped="0" failures="0">
  <properties>
[...]
</properties>
  <testcase name="traceBasicInformation" classname="com.mypurecloud.sdk.v2.SdkTests" time="0.001">
    <system-out><![CDATA[[&amp#27;[1;36mTEST&amp#27;[0m] beforeTest
Before test
[&amp#27;[1;32mSUCCESS&amp#27;[0m] beforeTest
[&amp#27;[1;36mTEST&amp#27;[0m] traceBasicInformation
PURECLOUD_ENVIRONMENT=mypurecloud.com
PURECLOUD_CLIENT_ID=7de3af06-c0b3-4f9b-af45-72f4a14037cc
userEmail=06420401-d330-4b11-a235-5fe7d7ce6d4b@mypurecloud.com
[&amp#27;[1;32mSUCCESS&amp#27;[0m] traceBasicInformation
]]></system-out>
    <system-err><![CDATA[SLF4J(W): No SLF4J providers were found.
SLF4J(W): Defaulting to no-operation (NOP) logger implementation
SLF4J(W): See https://www.slf4j.org/codes.html#noProviders for further details.
]]></system-err>
  </testcase>
  <testcase name="traceBasicInformation" classname="com.mypurecloud.sdk.v2.SdkTests" time="0.003">
    <system-out><![CDATA[[&amp#27;[1;36mTEST&amp#27;[0m] afterTest
After test
[&amp#27;[1;32mSUCCESS&amp#27;[0m] afterTest
[&amp#27;[1;36mTEST&amp#27;[0m] beforeTest
Before test
[&amp#27;[1;32mSUCCESS&amp#27;[0m] beforeTest
[&amp#27;[1;36mTEST&amp#27;[0m] traceBasicInformation
PURECLOUD_ENVIRONMENT=mypurecloud.com
PURECLOUD_CLIENT_ID=7de3af06-c0b3-4f9b-af45-72f4a14037cc
userEmail=395961ad-b82e-4c07-8ede-6db7213b51da@mypurecloud.com
[&amp#27;[1;32mSUCCESS&amp#27;[0m] traceBasicInformation
]]></system-out>
  </testcase>
  <testcase name="traceBasicInformation" classname="com.mypurecloud.sdk.v2.SdkTests" time="0.001">
    <system-out><![CDATA[[&amp#27;[1;36mTEST&amp#27;[0m] afterTest
After test
[&amp#27;[1;32mSUCCESS&amp#27;[0m] afterTest
[&amp#27;[1;36mTEST&amp#27;[0m] beforeTest
Before test
[&amp#27;[1;32mSUCCESS&amp#27;[0m] beforeTest
[&amp#27;[1;36mTEST&amp#27;[0m] traceBasicInformation
PURECLOUD_ENVIRONMENT=mypurecloud.com
PURECLOUD_CLIENT_ID=7de3af06-c0b3-4f9b-af45-72f4a14037cc
userEmail=22944930-b085-4301-9687-8c2387303649@mypurecloud.com
[&amp#27;[1;32mSUCCESS&amp#27;[0m] traceBasicInformation
]]></system-out>
  </testcase>
  <testcase name="authenticate" classname="com.mypurecloud.sdk.v2.SdkTests" time="1.193">
    <system-out><![CDATA[[&amp#27;[1;36mTEST&amp#27;[0m] authenticate
[&amp#27;[1;32mSUCCESS&amp#27;[0m] authenticate
]]></system-out>
  </testcase>
  <testcase name="authenticate" classname="com.mypurecloud.sdk.v2.SdkTests" time="0.693">
    <system-out><![CDATA[[&amp#27;[1;36mTEST&amp#27;[0m] authenticate
[&amp#27;[1;32mSUCCESS&amp#27;[0m] authenticate
]]></system-out>
  </testcase>
  <testcase name="authenticate" classname="com.mypurecloud.sdk.v2.SdkTests" time="0.329">
    <system-out><![CDATA[[&amp#27;[1;36mTEST&amp#27;[0m] authenticate
[&amp#27;[1;32mSUCCESS&amp#27;[0m] authenticate
]]></system-out>
  </testcase>
  <testcase name="createUser" classname="com.mypurecloud.sdk.v2.SdkTests" time="0.78">
    <system-out><![CDATA[[&amp#27;[1;36mTEST&amp#27;[0m] createUser
Created user with ID 937c52bf-6f0f-4201-8cf6-01bb248ec8fa
[&amp#27;[1;32mSUCCESS&amp#27;[0m] createUser
]]></system-out>
  </testcase>
  <testcase name="createUser" classname="com.mypurecloud.sdk.v2.SdkTests" time="0.438">
    <system-out><![CDATA[[&amp#27;[1;36mTEST&amp#27;[0m] createUser
Created user with ID 6be97adb-fe2f-4602-960a-66301782c182
[&amp#27;[1;32mSUCCESS&amp#27;[0m] createUser
]]></system-out>
  </testcase>
  <testcase name="createUser" classname="com.mypurecloud.sdk.v2.SdkTests" time="0.466">
    <system-out><![CDATA[[&amp#27;[1;36mTEST&amp#27;[0m] createUser
Created user with ID 966a6b04-67b1-4702-b834-5757e3b45ca1
[&amp#27;[1;32mSUCCESS&amp#27;[0m] createUser
]]></system-out>
  </testcase>
  <testcase name="updateUser" classname="com.mypurecloud.sdk.v2.SdkTests" time="0.158">
    <system-out><![CDATA[[&amp#27;[1;36mTEST&amp#27;[0m] updateUser
[&amp#27;[1;32mSUCCESS&amp#27;[0m] updateUser
]]></system-out>
  </testcase>
  <testcase name="updateUser" classname="com.mypurecloud.sdk.v2.SdkTests" time="0.12">
    <system-out><![CDATA[[&amp#27;[1;36mTEST&amp#27;[0m] updateUser
[&amp#27;[1;32mSUCCESS&amp#27;[0m] updateUser
]]></system-out>
  </testcase>
  <testcase name="updateUser" classname="com.mypurecloud.sdk.v2.SdkTests" time="0.075">
    <system-out><![CDATA[[&amp#27;[1;36mTEST&amp#27;[0m] updateUser
[&amp#27;[1;32mSUCCESS&amp#27;[0m] updateUser
]]></system-out>
  </testcase>
  <testcase name="setProfileSkills" classname="com.mypurecloud.sdk.v2.SdkTests" time="0.138">
    <system-out><![CDATA[[&amp#27;[1;36mTEST&amp#27;[0m] setProfileSkills
[&amp#27;[1;32mSUCCESS&amp#27;[0m] setProfileSkills
]]></system-out>
  </testcase>
  <testcase name="setProfileSkills" classname="com.mypurecloud.sdk.v2.SdkTests" time="0.074">
    <system-out><![CDATA[[&amp#27;[1;36mTEST&amp#27;[0m] setProfileSkills
[&amp#27;[1;32mSUCCESS&amp#27;[0m] setProfileSkills
]]></system-out>
  </testcase>
  <testcase name="setProfileSkills" classname="com.mypurecloud.sdk.v2.SdkTests" time="0.096">
    <system-out><![CDATA[[&amp#27;[1;36mTEST&amp#27;[0m] setProfileSkills
[&amp#27;[1;32mSUCCESS&amp#27;[0m] setProfileSkills
]]></system-out>
  </testcase>
  <testcase name="testNotifications" classname="com.mypurecloud.sdk.v2.SdkTests" time="0.499">
    <system-out><![CDATA[[&amp#27;[1;36mTEST&amp#27;[0m] testNotifications
system presence -> BUSY
system presence -> AVAILABLE
[&amp#27;[1;32mSUCCESS&amp#27;[0m] testNotifications
]]></system-out>
  </testcase>
  <testcase name="testNotifications" classname="com.mypurecloud.sdk.v2.SdkTests" time="0.47">
    <system-out><![CDATA[[&amp#27;[1;36mTEST&amp#27;[0m] testNotifications
system presence -> BUSY
system presence -> AVAILABLE
[&amp#27;[1;32mSUCCESS&amp#27;[0m] testNotifications
]]></system-out>
  </testcase>
  <testcase name="testNotifications" classname="com.mypurecloud.sdk.v2.SdkTests" time="0.433">
    <system-out><![CDATA[[&amp#27;[1;36mTEST&amp#27;[0m] testNotifications
system presence -> BUSY
system presence -> AVAILABLE
[&amp#27;[1;32mSUCCESS&amp#27;[0m] testNotifications
]]></system-out>
  </testcase>
  <testcase name="getUser" classname="com.mypurecloud.sdk.v2.SdkTests" time="0.102">
    <system-out><![CDATA[[&amp#27;[1;36mTEST&amp#27;[0m] getUser
[&amp#27;[1;32mSUCCESS&amp#27;[0m] getUser
]]></system-out>
  </testcase>
  <testcase name="getUser" classname="com.mypurecloud.sdk.v2.SdkTests" time="0.101">
    <system-out><![CDATA[[&amp#27;[1;36mTEST&amp#27;[0m] getUser
[&amp#27;[1;32mSUCCESS&amp#27;[0m] getUser
]]></system-out>
  </testcase>
  <testcase name="getUser" classname="com.mypurecloud.sdk.v2.SdkTests" time="0.069">
    <system-out><![CDATA[[&amp#27;[1;36mTEST&amp#27;[0m] getUser
[&amp#27;[1;32mSUCCESS&amp#27;[0m] getUser
]]></system-out>
  </testcase>
  <testcase name="testObjectMapperIgnoresUnknownProperties" classname="com.mypurecloud.sdk.v2.SdkTests" time="0.002">
    <system-out><![CDATA[[&amp#27;[1;36mTEST&amp#27;[0m] testObjectMapperIgnoresUnknownProperties
MockPojo [id 12345]
[&amp#27;[1;32mSUCCESS&amp#27;[0m] testObjectMapperIgnoresUnknownProperties
]]></system-out>
  </testcase>
  <testcase name="testObjectMapperIgnoresUnknownProperties" classname="com.mypurecloud.sdk.v2.SdkTests" time="0.0">
    <system-out><![CDATA[[&amp#27;[1;36mTEST&amp#27;[0m] testObjectMapperIgnoresUnknownProperties
MockPojo [id 12345]
[&amp#27;[1;32mSUCCESS&amp#27;[0m] testObjectMapperIgnoresUnknownProperties
]]></system-out>
  </testcase>
  <testcase name="testObjectMapperIgnoresUnknownProperties" classname="com.mypurecloud.sdk.v2.SdkTests" time="0.001">
    <system-out><![CDATA[[&amp#27;[1;36mTEST&amp#27;[0m] testObjectMapperIgnoresUnknownProperties
MockPojo [id 12345]
[&amp#27;[1;32mSUCCESS&amp#27;[0m] testObjectMapperIgnoresUnknownProperties
]]></system-out>
  </testcase>
  <testcase name="testPreAndPostHooks" classname="com.mypurecloud.sdk.v2.SdkTests" time="0.104">
    <system-out><![CDATA[[&amp#27;[1;36mTEST&amp#27;[0m] testPreAndPostHooks
Pre-request hook - Method: GET
Pre-request hook - URL: https://api.mypurecloud.com/api/v2/users/937c52bf-6f0f-4201-8cf6-01bb248ec8fa?expand=profileSkills
Post-hook executed. Status code: 200
[&amp#27;[1;32mSUCCESS&amp#27;[0m] testPreAndPostHooks
]]></system-out>
  </testcase>
  <testcase name="testPreAndPostHooks" classname="com.mypurecloud.sdk.v2.SdkTests" time="0.101">
    <system-out><![CDATA[[&amp#27;[1;36mTEST&amp#27;[0m] testPreAndPostHooks
Pre-request hook - Method: GET
Pre-request hook - URL: https://api.mypurecloud.com/api/v2/users/6be97adb-fe2f-4602-960a-66301782c182?expand=profileSkills
Post-hook executed. Status code: 200
[&amp#27;[1;32mSUCCESS&amp#27;[0m] testPreAndPostHooks
]]></system-out>
  </testcase>
  <testcase name="testPreAndPostHooks" classname="com.mypurecloud.sdk.v2.SdkTests" time="0.042">
    <system-out><![CDATA[[&amp#27;[1;36mTEST&amp#27;[0m] testPreAndPostHooks
Pre-request hook - Method: GET
Pre-request hook - URL: https://api.mypurecloud.com/api/v2/users/966a6b04-67b1-4702-b834-5757e3b45ca1?expand=profileSkills
Post-hook executed. Status code: 200
[&amp#27;[1;32mSUCCESS&amp#27;[0m] testPreAndPostHooks
]]></system-out>
  </testcase>
  <testcase name="deleteUser" classname="com.mypurecloud.sdk.v2.SdkTests" time="0.154">
    <system-out><![CDATA[[&amp#27;[1;36mTEST&amp#27;[0m] deleteUser
system presence -> OFFLINE
[&amp#27;[1;32mSUCCESS&amp#27;[0m] deleteUser
]]></system-out>
  </testcase>
  <testcase name="deleteUser" classname="com.mypurecloud.sdk.v2.SdkTests" time="0.186">
    <system-out><![CDATA[[&amp#27;[1;36mTEST&amp#27;[0m] deleteUser
system presence -> OFFLINE
[&amp#27;[1;32mSUCCESS&amp#27;[0m] deleteUser
]]></system-out>
  </testcase>
  <testcase name="deleteUser" classname="com.mypurecloud.sdk.v2.SdkTests" time="0.16">
    <system-out><![CDATA[[&amp#27;[1;36mTEST&amp#27;[0m] deleteUser
system presence -> OFFLINE
[&amp#27;[1;32mSUCCESS&amp#27;[0m] deleteUser
]]></system-out>
  </testcase>
  <testcase name="invokeTestWith_429" classname="com.mypurecloud.sdk.v2.ApiClientRetryTest" time="6.308">
    <system-out><![CDATA[[&amp#27;[1;36mTEST&amp#27;[0m] afterTest
After test
[&amp#27;[1;32mSUCCESS&amp#27;[0m] afterTest
[&amp#27;[1;36mTEST&amp#27;[0m] setup
[&amp#27;[1;32mSUCCESS&amp#27;[0m] setup
[&amp#27;[1;36mTEST&amp#27;[0m] invokeTestWith_429
[&amp#27;[1;32mSUCCESS&amp#27;[0m] invokeTestWith_429
]]></system-out>
  </testcase>
  <testcase name="invokeTestWith_429_And_No_MaxRetryTime" classname="com.mypurecloud.sdk.v2.ApiClientRetryTest" time="0.167">
    <system-out><![CDATA[[&amp#27;[1;36mTEST&amp#27;[0m] setup
[&amp#27;[1;32mSUCCESS&amp#27;[0m] setup
[&amp#27;[1;36mTEST&amp#27;[0m] invokeTestWith_429_And_No_MaxRetryTime
[&amp#27;[1;32mSUCCESS&amp#27;[0m] invokeTestWith_429_And_No_MaxRetryTime
]]></system-out>
  </testcase>
  <testcase name="invokeTestWith_502" classname="com.mypurecloud.sdk.v2.ApiClientRetryTest" time="13.196">
    <system-out><![CDATA[[&amp#27;[1;36mTEST&amp#27;[0m] setup
[&amp#27;[1;32mSUCCESS&amp#27;[0m] setup
[&amp#27;[1;36mTEST&amp#27;[0m] invokeTestWith_502
[&amp#27;[1;32mSUCCESS&amp#27;[0m] invokeTestWith_502
]]></system-out>
  </testcase>
  <testcase name="invokeTestWith_503" classname="com.mypurecloud.sdk.v2.ApiClientRetryTest" time="40.141">
    <system-out><![CDATA[[&amp#27;[1;36mTEST&amp#27;[0m] setup
[&amp#27;[1;32mSUCCESS&amp#27;[0m] setup
[&amp#27;[1;36mTEST&amp#27;[0m] invokeTestWith_503
[&amp#27;[1;32mSUCCESS&amp#27;[0m] invokeTestWith_503
]]></system-out>
  </testcase>
  <testcase name="invokeTestWith_504" classname="com.mypurecloud.sdk.v2.ApiClientRetryTest" time="2.184">
    <system-out><![CDATA[[&amp#27;[1;36mTEST&amp#27;[0m] setup
[&amp#27;[1;32mSUCCESS&amp#27;[0m] setup
[&amp#27;[1;36mTEST&amp#27;[0m] invokeTestWith_504
[&amp#27;[1;32mSUCCESS&amp#27;[0m] invokeTestWith_504
]]></system-out>
  </testcase>
  <testcase name="invokeTestWith_504_No_MaxRetryTime" classname="com.mypurecloud.sdk.v2.ApiClientRetryTest" time="0.155">
    <system-out><![CDATA[[&amp#27;[1;36mTEST&amp#27;[0m] setup
[&amp#27;[1;32mSUCCESS&amp#27;[0m] setup
[&amp#27;[1;36mTEST&amp#27;[0m] invokeTestWith_504_No_MaxRetryTime
[&amp#27;[1;32mSUCCESS&amp#27;[0m] invokeTestWith_504_No_MaxRetryTime
]]></system-out>
  </testcase>
  <testcase name="shouldRetryTestWith_200" classname="com.mypurecloud.sdk.v2.ApiClientRetryTest" time="0.001">
    <system-out><![CDATA[[&amp#27;[1;36mTEST&amp#27;[0m] setup
[&amp#27;[1;32mSUCCESS&amp#27;[0m] setup
[&amp#27;[1;36mTEST&amp#27;[0m] shouldRetryTestWith_200
[&amp#27;[1;32mSUCCESS&amp#27;[0m] shouldRetryTestWith_200
]]></system-out>
  </testcase>
  <testcase name="shouldRetryTestWith_429" classname="com.mypurecloud.sdk.v2.ApiClientRetryTest" time="1.0">
    <system-out><![CDATA[[&amp#27;[1;36mTEST&amp#27;[0m] setup
[&amp#27;[1;32mSUCCESS&amp#27;[0m] setup
[&amp#27;[1;36mTEST&amp#27;[0m] shouldRetryTestWith_429
[&amp#27;[1;32mSUCCESS&amp#27;[0m] shouldRetryTestWith_429
]]></system-out>
  </testcase>
  <testcase name="shouldRetryTestWith_502" classname="com.mypurecloud.sdk.v2.ApiClientRetryTest" time="1.001">
    <system-out><![CDATA[[&amp#27;[1;36mTEST&amp#27;[0m] setup
[&amp#27;[1;32mSUCCESS&amp#27;[0m] setup
[&amp#27;[1;36mTEST&amp#27;[0m] shouldRetryTestWith_502
[&amp#27;[1;32mSUCCESS&amp#27;[0m] shouldRetryTestWith_502
]]></system-out>
  </testcase>
  <testcase name="shouldRetryTestWith_502_And_0_MaxRetryTime" classname="com.mypurecloud.sdk.v2.ApiClientRetryTest" time="0.001">
    <system-out><![CDATA[[&amp#27;[1;36mTEST&amp#27;[0m] setup
[&amp#27;[1;32mSUCCESS&amp#27;[0m] setup
[&amp#27;[1;36mTEST&amp#27;[0m] shouldRetryTestWith_502_And_0_MaxRetryTime
[&amp#27;[1;32mSUCCESS&amp#27;[0m] shouldRetryTestWith_502_And_0_MaxRetryTime
]]></system-out>
  </testcase>
  <testcase name="shouldRetryTestWith_503_And_RetryConfig" classname="com.mypurecloud.sdk.v2.ApiClientRetryTest" time="3.001">
    <system-out><![CDATA[[&amp#27;[1;36mTEST&amp#27;[0m] setup
[&amp#27;[1;32mSUCCESS&amp#27;[0m] setup
[&amp#27;[1;36mTEST&amp#27;[0m] shouldRetryTestWith_503_And_RetryConfig
[&amp#27;[1;32mSUCCESS&amp#27;[0m] shouldRetryTestWith_503_And_RetryConfig
]]></system-out>
  </testcase>
  <testcase name="shouldRetryTestWith_504_And_No_RetryAfter_Header" classname="com.mypurecloud.sdk.v2.ApiClientRetryTest" time="3.001">
    <system-out><![CDATA[[&amp#27;[1;36mTEST&amp#27;[0m] setup
[&amp#27;[1;32mSUCCESS&amp#27;[0m] setup
[&amp#27;[1;36mTEST&amp#27;[0m] shouldRetryTestWith_504_And_No_RetryAfter_Header
[&amp#27;[1;32mSUCCESS&amp#27;[0m] shouldRetryTestWith_504_And_No_RetryAfter_Header
]]></system-out>
  </testcase>
  <testcase name="invokeAsyncTestWith_429" classname="com.mypurecloud.sdk.v2.ApiClientRetryAsyncTest" time="5.18">
    <system-out><![CDATA[[&amp#27;[1;36mTEST&amp#27;[0m] setup
[&amp#27;[1;32mSUCCESS&amp#27;[0m] setup
[&amp#27;[1;36mTEST&amp#27;[0m] invokeAsyncTestWith_429
[&amp#27;[1;32mSUCCESS&amp#27;[0m] invokeAsyncTestWith_429
]]></system-out>
  </testcase>
  <testcase name="invokeAsyncTestWith_429_And_No_MaxRetryTime" classname="com.mypurecloud.sdk.v2.ApiClientRetryAsyncTest" time="0.144">
    <system-out><![CDATA[[&amp#27;[1;36mTEST&amp#27;[0m] setup
[&amp#27;[1;32mSUCCESS&amp#27;[0m] setup
[&amp#27;[1;36mTEST&amp#27;[0m] invokeAsyncTestWith_429_And_No_MaxRetryTime
[&amp#27;[1;32mSUCCESS&amp#27;[0m] invokeAsyncTestWith_429_And_No_MaxRetryTime
]]></system-out>
  </testcase>
  <testcase name="invokeAsyncTestWith_502" classname="com.mypurecloud.sdk.v2.ApiClientRetryAsyncTest" time="13.117">
    <system-out><![CDATA[[&amp#27;[1;36mTEST&amp#27;[0m] setup
[&amp#27;[1;32mSUCCESS&amp#27;[0m] setup
[&amp#27;[1;36mTEST&amp#27;[0m] invokeAsyncTestWith_502
[&amp#27;[1;32mSUCCESS&amp#27;[0m] invokeAsyncTestWith_502
]]></system-out>
  </testcase>
  <testcase name="invokeAsyncTestWith_503" classname="com.mypurecloud.sdk.v2.ApiClientRetryAsyncTest" time="40.123">
    <system-out><![CDATA[[&amp#27;[1;36mTEST&amp#27;[0m] setup
[&amp#27;[1;32mSUCCESS&amp#27;[0m] setup
[&amp#27;[1;36mTEST&amp#27;[0m] invokeAsyncTestWith_503
[&amp#27;[1;32mSUCCESS&amp#27;[0m] invokeAsyncTestWith_503
]]></system-out>
  </testcase>
  <testcase name="invokeAsyncTestWith_504" classname="com.mypurecloud.sdk.v2.ApiClientRetryAsyncTest" time="2.178">
    <system-out><![CDATA[[&amp#27;[1;36mTEST&amp#27;[0m] setup
[&amp#27;[1;32mSUCCESS&amp#27;[0m] setup
[&amp#27;[1;36mTEST&amp#27;[0m] invokeAsyncTestWith_504
[&amp#27;[1;32mSUCCESS&amp#27;[0m] invokeAsyncTestWith_504
]]></system-out>
  </testcase>
  <testcase name="invokeAsyncTestWith_504_And_No_MaxRetryTime" classname="com.mypurecloud.sdk.v2.ApiClientRetryAsyncTest" time="0.156">
    <system-out><![CDATA[[&amp#27;[1;36mTEST&amp#27;[0m] setup
[&amp#27;[1;32mSUCCESS&amp#27;[0m] setup
[&amp#27;[1;36mTEST&amp#27;[0m] invokeAsyncTestWith_504_And_No_MaxRetryTime
[&amp#27;[1;32mSUCCESS&amp#27;[0m] invokeAsyncTestWith_504_And_No_MaxRetryTime
]]></system-out>
  </testcase>
</testsuite>