<?xml version="1.0" encoding="UTF-8"?>
<testng-results ignored="0" total="48" passed="48" failed="0" skipped="0">
  <reporter-output>
  </reporter-output>
  <suite started-at="2025-11-23T08:33:13 UTC" name="SDK tests (0)" finished-at="2025-11-23T08:35:25 UTC" duration-ms="131650">
    <groups>
    </groups>
    <test started-at="2025-11-23T08:33:13 UTC" name="Unit Tests" finished-at="2025-11-23T08:35:25 UTC" duration-ms="131650">
      <class name="com.mypurecloud.sdk.v2.ApiClientRetryAsyncTest">
        <test-method is-config="true" signature="setup()[pri:0, instance:com.mypurecloud.sdk.v2.ApiClientRetryAsyncTest@6ff29830]" started-at="2025-11-23T08:34:24 UTC" name="setup" finished-at="2025-11-23T08:34:24 UTC" duration-ms="3" status="PASS">
          <reporter-output>
          </reporter-output>
        </test-method> <!-- setup -->
        <test-method signature="invokeAsyncTestWith_429()[pri:0, instance:com.mypurecloud.sdk.v2.ApiClientRetryAsyncTest@6ff29830]" started-at="2025-11-23T08:34:24 UTC" name="invokeAsyncTestWith_429" finished-at="2025-11-23T08:34:29 UTC" duration-ms="5114" status="PASS">
          <reporter-output>
          </reporter-output>
        </test-method> <!-- invokeAsyncTestWith_429 -->
        <test-method is-config="true" signature="setup()[pri:0, instance:com.mypurecloud.sdk.v2.ApiClientRetryAsyncTest@6ff29830]" started-at="2025-11-23T08:34:29 UTC" name="setup" finished-at="2025-11-23T08:34:29 UTC" duration-ms="3" status="PASS">
          <reporter-output>
          </reporter-output>
        </test-method> <!-- setup -->
        <test-method signature="invokeAsyncTestWith_429_And_No_MaxRetryTime()[pri:0, instance:com.mypurecloud.sdk.v2.ApiClientRetryAsyncTest@6ff29830]" started-at="2025-11-23T08:34:29 UTC" name="invokeAsyncTestWith_429_And_No_MaxRetryTime" finished-at="2025-11-23T08:34:29 UTC" duration-ms="106" status="PASS">
          <reporter-output>
          </reporter-output>
        </test-method> <!-- invokeAsyncTestWith_429_And_No_MaxRetryTime -->
        <test-method is-config="true" signature="setup()[pri:0, instance:com.mypurecloud.sdk.v2.ApiClientRetryAsyncTest@6ff29830]" started-at="2025-11-23T08:34:29 UTC" name="setup" finished-at="2025-11-23T08:34:29 UTC" duration-ms="3" status="PASS">
          <reporter-output>
          </reporter-output>
        </test-method> <!-- setup -->
        <test-method signature="invokeAsyncTestWith_502()[pri:0, instance:com.mypurecloud.sdk.v2.ApiClientRetryAsyncTest@6ff29830]" started-at="2025-11-23T08:34:29 UTC" name="invokeAsyncTestWith_502" finished-at="2025-11-23T08:34:42 UTC" duration-ms="13112" status="PASS">
          <reporter-output>
          </reporter-output>
        </test-method> <!-- invokeAsyncTestWith_502 -->
        <test-method is-config="true" signature="setup()[pri:0, instance:com.mypurecloud.sdk.v2.ApiClientRetryAsyncTest@6ff29830]" started-at="2025-11-23T08:34:42 UTC" name="setup" finished-at="2025-11-23T08:34:42 UTC" duration-ms="3" status="PASS">
          <reporter-output>
          </reporter-output>
        </test-method> <!-- setup -->
        <test-method signature="invokeAsyncTestWith_503()[pri:0, instance:com.mypurecloud.sdk.v2.ApiClientRetryAsyncTest@6ff29830]" started-at="2025-11-23T08:34:42 UTC" name="invokeAsyncTestWith_503" finished-at="2025-11-23T08:35:22 UTC" duration-ms="40117" status="PASS">
          <reporter-output>
          </reporter-output>
        </test-method> <!-- invokeAsyncTestWith_503 -->
        <test-method is-config="true" signature="setup()[pri:0, instance:com.mypurecloud.sdk.v2.ApiClientRetryAsyncTest@6ff29830]" started-at="2025-11-23T08:35:22 UTC" name="setup" finished-at="2025-11-23T08:35:22 UTC" duration-ms="2" status="PASS">
          <reporter-output>
          </reporter-output>
        </test-method> <!-- setup -->
        <test-method signature="invokeAsyncTestWith_504()[pri:0, instance:com.mypurecloud.sdk.v2.ApiClientRetryAsyncTest@6ff29830]" started-at="2025-11-23T08:35:22 UTC" name="invokeAsyncTestWith_504" finished-at="2025-11-23T08:35:24 UTC" duration-ms="2112" status="PASS">
          <reporter-output>
          </reporter-output>
        </test-method> <!-- invokeAsyncTestWith_504 -->
        <test-method is-config="true" signature="setup()[pri:0, instance:com.mypurecloud.sdk.v2.ApiClientRetryAsyncTest@6ff29830]" started-at="2025-11-23T08:35:24 UTC" name="setup" finished-at="2025-11-23T08:35:24 UTC" duration-ms="2" status="PASS">
          <reporter-output>
          </reporter-output>
        </test-method> <!-- setup -->
        <test-method signature="invokeAsyncTestWith_504_And_No_MaxRetryTime()[pri:0, instance:com.mypurecloud.sdk.v2.ApiClientRetryAsyncTest@6ff29830]" started-at="2025-11-23T08:35:24 UTC" name="invokeAsyncTestWith_504_And_No_MaxRetryTime" finished-at="2025-11-23T08:35:25 UTC" duration-ms="99" status="PASS">
          <reporter-output>
          </reporter-output>
        </test-method> <!-- invokeAsyncTestWith_504_And_No_MaxRetryTime -->
      </class> <!-- com.mypurecloud.sdk.v2.ApiClientRetryAsyncTest -->
      <class name="com.mypurecloud.sdk.v2.ApiClientRetryTest">
        <test-method is-config="true" signature="setup()[pri:0, instance:com.mypurecloud.sdk.v2.ApiClientRetryTest@2638011]" started-at="2025-11-23T08:33:13 UTC" name="setup" finished-at="2025-11-23T08:33:14 UTC" duration-ms="1053" status="PASS">
          <reporter-output>
          </reporter-output>
        </test-method> <!-- setup -->
        <test-method signature="invokeTestWith_429()[pri:0, instance:com.mypurecloud.sdk.v2.ApiClientRetryTest@2638011]" started-at="2025-11-23T08:33:14 UTC" name="invokeTestWith_429" finished-at="2025-11-23T08:33:20 UTC" duration-ms="6248" status="PASS">
          <reporter-output>
          </reporter-output>
        </test-method> <!-- invokeTestWith_429 -->
        <test-method is-config="true" signature="setup()[pri:0, instance:com.mypurecloud.sdk.v2.ApiClientRetryTest@2638011]" started-at="2025-11-23T08:33:20 UTC" name="setup" finished-at="2025-11-23T08:33:20 UTC" duration-ms="5" status="PASS">
          <reporter-output>
          </reporter-output>
        </test-method> <!-- setup -->
        <test-method signature="invokeTestWith_429_And_No_MaxRetryTime()[pri:0, instance:com.mypurecloud.sdk.v2.ApiClientRetryTest@2638011]" started-at="2025-11-23T08:33:20 UTC" name="invokeTestWith_429_And_No_MaxRetryTime" finished-at="2025-11-23T08:33:20 UTC" duration-ms="115" status="PASS">
          <reporter-output>
          </reporter-output>
        </test-method> <!-- invokeTestWith_429_And_No_MaxRetryTime -->
        <test-method is-config="true" signature="setup()[pri:0, instance:com.mypurecloud.sdk.v2.ApiClientRetryTest@2638011]" started-at="2025-11-23T08:33:20 UTC" name="setup" finished-at="2025-11-23T08:33:20 UTC" duration-ms="4" status="PASS">
          <reporter-output>
          </reporter-output>
        </test-method> <!-- setup -->
        <test-method signature="invokeTestWith_502()[pri:0, instance:com.mypurecloud.sdk.v2.ApiClientRetryTest@2638011]" started-at="2025-11-23T08:33:20 UTC" name="invokeTestWith_502" finished-at="2025-11-23T08:33:34 UTC" duration-ms="13150" status="PASS">
          <reporter-output>
          </reporter-output>
        </test-method> <!-- invokeTestWith_502 -->
        <test-method is-config="true" signature="setup()[pri:0, instance:com.mypurecloud.sdk.v2.ApiClientRetryTest@2638011]" started-at="2025-11-23T08:33:34 UTC" name="setup" finished-at="2025-11-23T08:33:34 UTC" duration-ms="5" status="PASS">
          <reporter-output>
          </reporter-output>
        </test-method> <!-- setup -->
        <test-method signature="invokeTestWith_503()[pri:0, instance:com.mypurecloud.sdk.v2.ApiClientRetryTest@2638011]" started-at="2025-11-23T08:33:34 UTC" name="invokeTestWith_503" finished-at="2025-11-23T08:34:14 UTC" duration-ms="40124" status="PASS">
          <reporter-output>
          </reporter-output>
        </test-method> <!-- invokeTestWith_503 -->
        <test-method is-config="true" signature="setup()[pri:0, instance:com.mypurecloud.sdk.v2.ApiClientRetryTest@2638011]" started-at="2025-11-23T08:34:14 UTC" name="setup" finished-at="2025-11-23T08:34:14 UTC" duration-ms="4" status="PASS">
          <reporter-output>
          </reporter-output>
        </test-method> <!-- setup -->
        <test-method signature="invokeTestWith_504()[pri:0, instance:com.mypurecloud.sdk.v2.ApiClientRetryTest@2638011]" started-at="2025-11-23T08:34:14 UTC" name="invokeTestWith_504" finished-at="2025-11-23T08:34:16 UTC" duration-ms="2125" status="PASS">
          <reporter-output>
          </reporter-output>
        </test-method> <!-- invokeTestWith_504 -->
        <test-method is-config="true" signature="setup()[pri:0, instance:com.mypurecloud.sdk.v2.ApiClientRetryTest@2638011]" started-at="2025-11-23T08:34:16 UTC" name="setup" finished-at="2025-11-23T08:34:16 UTC" duration-ms="3" status="PASS">
          <reporter-output>
          </reporter-output>
        </test-method> <!-- setup -->
        <test-method signature="invokeTestWith_504_No_MaxRetryTime()[pri:0, instance:com.mypurecloud.sdk.v2.ApiClientRetryTest@2638011]" started-at="2025-11-23T08:34:16 UTC" name="invokeTestWith_504_No_MaxRetryTime" finished-at="2025-11-23T08:34:16 UTC" duration-ms="86" status="PASS">
          <reporter-output>
          </reporter-output>
        </test-method> <!-- invokeTestWith_504_No_MaxRetryTime -->
        <test-method is-config="true" signature="setup()[pri:0, instance:com.mypurecloud.sdk.v2.ApiClientRetryTest@2638011]" started-at="2025-11-23T08:34:16 UTC" name="setup" finished-at="2025-11-23T08:34:16 UTC" duration-ms="4" status="PASS">
          <reporter-output>
          </reporter-output>
        </test-method> <!-- setup -->
        <test-method signature="shouldRetryTestWith_200()[pri:0, instance:com.mypurecloud.sdk.v2.ApiClientRetryTest@2638011]" started-at="2025-11-23T08:34:16 UTC" name="shouldRetryTestWith_200" finished-at="2025-11-23T08:34:16 UTC" duration-ms="1" status="PASS">
          <reporter-output>
          </reporter-output>
        </test-method> <!-- shouldRetryTestWith_200 -->
        <test-method is-config="true" signature="setup()[pri:0, instance:com.mypurecloud.sdk.v2.ApiClientRetryTest@2638011]" started-at="2025-11-23T08:34:16 UTC" name="setup" finished-at="2025-11-23T08:34:16 UTC" duration-ms="2" status="PASS">
          <reporter-output>
          </reporter-output>
        </test-method> <!-- setup -->
        <test-method signature="shouldRetryTestWith_429()[pri:0, instance:com.mypurecloud.sdk.v2.ApiClientRetryTest@2638011]" started-at="2025-11-23T08:34:16 UTC" name="shouldRetryTestWith_429" finished-at="2025-11-23T08:34:17 UTC" duration-ms="1001" status="PASS">
          <reporter-output>
          </reporter-output>
        </test-method> <!-- shouldRetryTestWith_429 -->
        <test-method is-config="true" signature="setup()[pri:0, instance:com.mypurecloud.sdk.v2.ApiClientRetryTest@2638011]" started-at="2025-11-23T08:34:17 UTC" name="setup" finished-at="2025-11-23T08:34:17 UTC" duration-ms="4" status="PASS">
          <reporter-output>
          </reporter-output>
        </test-method> <!-- setup -->
        <test-method signature="shouldRetryTestWith_502()[pri:0, instance:com.mypurecloud.sdk.v2.ApiClientRetryTest@2638011]" started-at="2025-11-23T08:34:17 UTC" name="shouldRetryTestWith_502" finished-at="2025-11-23T08:34:18 UTC" duration-ms="1001" status="PASS">
          <reporter-output>
          </reporter-output>
        </test-method> <!-- shouldRetryTestWith_502 -->
        <test-method is-config="true" signature="setup()[pri:0, instance:com.mypurecloud.sdk.v2.ApiClientRetryTest@2638011]" started-at="2025-11-23T08:34:18 UTC" name="setup" finished-at="2025-11-23T08:34:18 UTC" duration-ms="3" status="PASS">
          <reporter-output>
          </reporter-output>
        </test-method> <!-- setup -->
        <test-method signature="shouldRetryTestWith_502_And_0_MaxRetryTime()[pri:0, instance:com.mypurecloud.sdk.v2.ApiClientRetryTest@2638011]" started-at="2025-11-23T08:34:18 UTC" name="shouldRetryTestWith_502_And_0_MaxRetryTime" finished-at="2025-11-23T08:34:18 UTC" duration-ms="1" status="PASS">
          <reporter-output>
          </reporter-output>
        </test-method> <!-- shouldRetryTestWith_502_And_0_MaxRetryTime -->
        <test-method is-config="true" signature="setup()[pri:0, instance:com.mypurecloud.sdk.v2.ApiClientRetryTest@2638011]" started-at="2025-11-23T08:34:18 UTC" name="setup" finished-at="2025-11-23T08:34:18 UTC" duration-ms="3" status="PASS">
          <reporter-output>
          </reporter-output>
        </test-method> <!-- setup -->
        <test-method signature="shouldRetryTestWith_503_And_RetryConfig()[pri:0, instance:com.mypurecloud.sdk.v2.ApiClientRetryTest@2638011]" started-at="2025-11-23T08:34:18 UTC" name="shouldRetryTestWith_503_And_RetryConfig" finished-at="2025-11-23T08:34:21 UTC" duration-ms="3001" status="PASS">
          <reporter-output>
          </reporter-output>
        </test-method> <!-- shouldRetryTestWith_503_And_RetryConfig -->
        <test-method is-config="true" signature="setup()[pri:0, instance:com.mypurecloud.sdk.v2.ApiClientRetryTest@2638011]" started-at="2025-11-23T08:34:21 UTC" name="setup" finished-at="2025-11-23T08:34:21 UTC" duration-ms="3" status="PASS">
          <reporter-output>
          </reporter-output>
        </test-method> <!-- setup -->
        <test-method signature="shouldRetryTestWith_504_And_No_RetryAfter_Header()[pri:0, instance:com.mypurecloud.sdk.v2.ApiClientRetryTest@2638011]" started-at="2025-11-23T08:34:21 UTC" name="shouldRetryTestWith_504_And_No_RetryAfter_Header" finished-at="2025-11-23T08:34:24 UTC" duration-ms="3000" status="PASS">
          <reporter-output>
          </reporter-output>
        </test-method> <!-- shouldRetryTestWith_504_And_No_RetryAfter_Header -->
      </class> <!-- com.mypurecloud.sdk.v2.ApiClientRetryTest -->
    </test> <!-- Unit Tests -->
  </suite> <!-- SDK tests (0) -->
  <suite started-at="2025-11-23T08:33:06 UTC" name="SDK tests" finished-at="2025-11-23T08:33:13 UTC" duration-ms="7399">
    <groups>
    </groups>
    <test started-at="2025-11-23T08:33:06 UTC" name="Apache" finished-at="2025-11-23T08:33:09 UTC" duration-ms="3423">
      <class name="com.mypurecloud.sdk.v2.SdkTests">
        <test-method is-config="true" signature="beforeTest(java.lang.String)[pri:0, instance:com.mypurecloud.sdk.v2.SdkTests@65e98b1c]" started-at="2025-11-23T08:33:06 UTC" name="beforeTest" finished-at="2025-11-23T08:33:06 UTC" duration-ms="14" status="PASS">
          <params>
            <param index="0">
              <value>
                <![CDATA[Apache]]>
              </value>
            </param>
          </params>
          <reporter-output>
          </reporter-output>
        </test-method> <!-- beforeTest -->
        <test-method signature="traceBasicInformation()[pri:1, instance:com.mypurecloud.sdk.v2.SdkTests@65e98b1c]" started-at="2025-11-23T08:33:06 UTC" name="traceBasicInformation" finished-at="2025-11-23T08:33:06 UTC" duration-ms="5" status="PASS">
          <reporter-output>
          </reporter-output>
        </test-method> <!-- traceBasicInformation -->
        <test-method signature="authenticate()[pri:2, instance:com.mypurecloud.sdk.v2.SdkTests@65e98b1c]" started-at="2025-11-23T08:33:06 UTC" name="authenticate" finished-at="2025-11-23T08:33:06 UTC" duration-ms="904" status="PASS">
          <reporter-output>
          </reporter-output>
        </test-method> <!-- authenticate -->
        <test-method signature="createUser()[pri:3, instance:com.mypurecloud.sdk.v2.SdkTests@65e98b1c]" started-at="2025-11-23T08:33:06 UTC" name="createUser" finished-at="2025-11-23T08:33:07 UTC" duration-ms="955" status="PASS">
          <reporter-output>
          </reporter-output>
        </test-method> <!-- createUser -->
        <test-method signature="updateUser()[pri:4, instance:com.mypurecloud.sdk.v2.SdkTests@65e98b1c]" started-at="2025-11-23T08:33:07 UTC" name="updateUser" finished-at="2025-11-23T08:33:08 UTC" duration-ms="291" status="PASS">
          <reporter-output>
          </reporter-output>
        </test-method> <!-- updateUser -->
        <test-method signature="setProfileSkills()[pri:5, instance:com.mypurecloud.sdk.v2.SdkTests@65e98b1c]" started-at="2025-11-23T08:33:08 UTC" name="setProfileSkills" finished-at="2025-11-23T08:33:08 UTC" duration-ms="238" status="PASS">
          <reporter-output>
          </reporter-output>
        </test-method> <!-- setProfileSkills -->
        <test-method signature="testNotifications()[pri:6, instance:com.mypurecloud.sdk.v2.SdkTests@65e98b1c]" started-at="2025-11-23T08:33:08 UTC" name="testNotifications" finished-at="2025-11-23T08:33:09 UTC" duration-ms="561" status="PASS">
          <reporter-output>
          </reporter-output>
        </test-method> <!-- testNotifications -->
        <test-method signature="getUser()[pri:7, instance:com.mypurecloud.sdk.v2.SdkTests@65e98b1c]" started-at="2025-11-23T08:33:09 UTC" name="getUser" finished-at="2025-11-23T08:33:09 UTC" duration-ms="91" status="PASS">
          <reporter-output>
          </reporter-output>
        </test-method> <!-- getUser -->
        <test-method signature="testObjectMapperIgnoresUnknownProperties()[pri:8, instance:com.mypurecloud.sdk.v2.SdkTests@65e98b1c]" started-at="2025-11-23T08:33:09 UTC" name="testObjectMapperIgnoresUnknownProperties" finished-at="2025-11-23T08:33:09 UTC" duration-ms="3" status="PASS">
          <reporter-output>
          </reporter-output>
        </test-method> <!-- testObjectMapperIgnoresUnknownProperties -->
        <test-method signature="testPreAndPostHooks()[pri:9, instance:com.mypurecloud.sdk.v2.SdkTests@65e98b1c]" started-at="2025-11-23T08:33:09 UTC" name="testPreAndPostHooks" finished-at="2025-11-23T08:33:09 UTC" duration-ms="58" status="PASS">
          <reporter-output>
          </reporter-output>
        </test-method> <!-- testPreAndPostHooks -->
        <test-method signature="deleteUser()[pri:10, instance:com.mypurecloud.sdk.v2.SdkTests@65e98b1c]" started-at="2025-11-23T08:33:09 UTC" name="deleteUser" finished-at="2025-11-23T08:33:09 UTC" duration-ms="256" status="PASS">
          <reporter-output>
          </reporter-output>
        </test-method> <!-- deleteUser -->
        <test-method is-config="true" signature="afterTest()[pri:0, instance:com.mypurecloud.sdk.v2.SdkTests@65e98b1c]" started-at="2025-11-23T08:33:09 UTC" name="afterTest" finished-at="2025-11-23T08:33:09 UTC" duration-ms="1" status="PASS">
          <reporter-output>
          </reporter-output>
        </test-method> <!-- afterTest -->
      </class> <!-- com.mypurecloud.sdk.v2.SdkTests -->
    </test> <!-- Apache -->
    <test started-at="2025-11-23T08:33:09 UTC" name="Ning" finished-at="2025-11-23T08:33:11 UTC" duration-ms="2085">
      <class name="com.mypurecloud.sdk.v2.SdkTests">
        <test-method is-config="true" signature="beforeTest(java.lang.String)[pri:0, instance:com.mypurecloud.sdk.v2.SdkTests@26b3fd41]" started-at="2025-11-23T08:33:09 UTC" name="beforeTest" finished-at="2025-11-23T08:33:09 UTC" duration-ms="0" status="PASS">
          <params>
            <param index="0">
              <value>
                <![CDATA[Ning]]>
              </value>
            </param>
          </params>
          <reporter-output>
          </reporter-output>
        </test-method> <!-- beforeTest -->
        <test-method signature="traceBasicInformation()[pri:1, instance:com.mypurecloud.sdk.v2.SdkTests@26b3fd41]" started-at="2025-11-23T08:33:09 UTC" name="traceBasicInformation" finished-at="2025-11-23T08:33:09 UTC" duration-ms="1" status="PASS">
          <reporter-output>
          </reporter-output>
        </test-method> <!-- traceBasicInformation -->
        <test-method signature="authenticate()[pri:2, instance:com.mypurecloud.sdk.v2.SdkTests@26b3fd41]" started-at="2025-11-23T08:33:09 UTC" name="authenticate" finished-at="2025-11-23T08:33:09 UTC" duration-ms="470" status="PASS">
          <reporter-output>
          </reporter-output>
        </test-method> <!-- authenticate -->
        <test-method signature="createUser()[pri:3, instance:com.mypurecloud.sdk.v2.SdkTests@26b3fd41]" started-at="2025-11-23T08:33:09 UTC" name="createUser" finished-at="2025-11-23T08:33:10 UTC" duration-ms="562" status="PASS">
          <reporter-output>
          </reporter-output>
        </test-method> <!-- createUser -->
        <test-method signature="updateUser()[pri:4, instance:com.mypurecloud.sdk.v2.SdkTests@26b3fd41]" started-at="2025-11-23T08:33:10 UTC" name="updateUser" finished-at="2025-11-23T08:33:10 UTC" duration-ms="214" status="PASS">
          <reporter-output>
          </reporter-output>
        </test-method> <!-- updateUser -->
        <test-method signature="setProfileSkills()[pri:5, instance:com.mypurecloud.sdk.v2.SdkTests@26b3fd41]" started-at="2025-11-23T08:33:10 UTC" name="setProfileSkills" finished-at="2025-11-23T08:33:10 UTC" duration-ms="226" status="PASS">
          <reporter-output>
          </reporter-output>
        </test-method> <!-- setProfileSkills -->
        <test-method signature="testNotifications()[pri:6, instance:com.mypurecloud.sdk.v2.SdkTests@26b3fd41]" started-at="2025-11-23T08:33:10 UTC" name="testNotifications" finished-at="2025-11-23T08:33:11 UTC" duration-ms="317" status="PASS">
          <reporter-output>
          </reporter-output>
        </test-method> <!-- testNotifications -->
        <test-method signature="getUser()[pri:7, instance:com.mypurecloud.sdk.v2.SdkTests@26b3fd41]" started-at="2025-11-23T08:33:11 UTC" name="getUser" finished-at="2025-11-23T08:33:11 UTC" duration-ms="41" status="PASS">
          <reporter-output>
          </reporter-output>
        </test-method> <!-- getUser -->
        <test-method signature="testObjectMapperIgnoresUnknownProperties()[pri:8, instance:com.mypurecloud.sdk.v2.SdkTests@26b3fd41]" started-at="2025-11-23T08:33:11 UTC" name="testObjectMapperIgnoresUnknownProperties" finished-at="2025-11-23T08:33:11 UTC" duration-ms="3" status="PASS">
          <reporter-output>
          </reporter-output>
        </test-method> <!-- testObjectMapperIgnoresUnknownProperties -->
        <test-method signature="testPreAndPostHooks()[pri:9, instance:com.mypurecloud.sdk.v2.SdkTests@26b3fd41]" started-at="2025-11-23T08:33:11 UTC" name="testPreAndPostHooks" finished-at="2025-11-23T08:33:11 UTC" duration-ms="43" status="PASS">
          <reporter-output>
          </reporter-output>
        </test-method> <!-- testPreAndPostHooks -->
        <test-method signature="deleteUser()[pri:10, instance:com.mypurecloud.sdk.v2.SdkTests@26b3fd41]" started-at="2025-11-23T08:33:11 UTC" name="deleteUser" finished-at="2025-11-23T08:33:11 UTC" duration-ms="198" status="PASS">
          <reporter-output>
          </reporter-output>
        </test-method> <!-- deleteUser -->
        <test-method is-config="true" signature="afterTest()[pri:0, instance:com.mypurecloud.sdk.v2.SdkTests@26b3fd41]" started-at="2025-11-23T08:33:11 UTC" name="afterTest" finished-at="2025-11-23T08:33:11 UTC" duration-ms="0" status="PASS">
          <reporter-output>
          </reporter-output>
        </test-method> <!-- afterTest -->
      </class> <!-- com.mypurecloud.sdk.v2.SdkTests -->
    </test> <!-- Ning -->
    <test started-at="2025-11-23T08:33:11 UTC" name="OkHTTP" finished-at="2025-11-23T08:33:13 UTC" duration-ms="1870">
      <class name="com.mypurecloud.sdk.v2.SdkTests">
        <test-method is-config="true" signature="beforeTest(java.lang.String)[pri:0, instance:com.mypurecloud.sdk.v2.SdkTests@561b6512]" started-at="2025-11-23T08:33:11 UTC" name="beforeTest" finished-at="2025-11-23T08:33:11 UTC" duration-ms="0" status="PASS">
          <params>
            <param index="0">
              <value>
                <![CDATA[OkHTTP]]>
              </value>
            </param>
          </params>
          <reporter-output>
          </reporter-output>
        </test-method> <!-- beforeTest -->
        <test-method signature="traceBasicInformation()[pri:1, instance:com.mypurecloud.sdk.v2.SdkTests@561b6512]" started-at="2025-11-23T08:33:11 UTC" name="traceBasicInformation" finished-at="2025-11-23T08:33:11 UTC" duration-ms="1" status="PASS">
          <reporter-output>
          </reporter-output>
        </test-method> <!-- traceBasicInformation -->
        <test-method signature="authenticate()[pri:2, instance:com.mypurecloud.sdk.v2.SdkTests@561b6512]" started-at="2025-11-23T08:33:11 UTC" name="authenticate" finished-at="2025-11-23T08:33:11 UTC" duration-ms="235" status="PASS">
          <reporter-output>
          </reporter-output>
        </test-method> <!-- authenticate -->
        <test-method signature="createUser()[pri:3, instance:com.mypurecloud.sdk.v2.SdkTests@561b6512]" started-at="2025-11-23T08:33:11 UTC" name="createUser" finished-at="2025-11-23T08:33:12 UTC" duration-ms="654" status="PASS">
          <reporter-output>
          </reporter-output>
        </test-method> <!-- createUser -->
        <test-method signature="updateUser()[pri:4, instance:com.mypurecloud.sdk.v2.SdkTests@561b6512]" started-at="2025-11-23T08:33:12 UTC" name="updateUser" finished-at="2025-11-23T08:33:12 UTC" duration-ms="196" status="PASS">
          <reporter-output>
          </reporter-output>
        </test-method> <!-- updateUser -->
        <test-method signature="setProfileSkills()[pri:5, instance:com.mypurecloud.sdk.v2.SdkTests@561b6512]" started-at="2025-11-23T08:33:12 UTC" name="setProfileSkills" finished-at="2025-11-23T08:33:12 UTC" duration-ms="169" status="PASS">
          <reporter-output>
          </reporter-output>
        </test-method> <!-- setProfileSkills -->
        <test-method signature="testNotifications()[pri:6, instance:com.mypurecloud.sdk.v2.SdkTests@561b6512]" started-at="2025-11-23T08:33:12 UTC" name="testNotifications" finished-at="2025-11-23T08:33:13 UTC" duration-ms="344" status="PASS">
          <reporter-output>
          </reporter-output>
        </test-method> <!-- testNotifications -->
        <test-method signature="getUser()[pri:7, instance:com.mypurecloud.sdk.v2.SdkTests@561b6512]" started-at="2025-11-23T08:33:13 UTC" name="getUser" finished-at="2025-11-23T08:33:13 UTC" duration-ms="103" status="PASS">
          <reporter-output>
          </reporter-output>
        </test-method> <!-- getUser -->
        <test-method signature="testObjectMapperIgnoresUnknownProperties()[pri:8, instance:com.mypurecloud.sdk.v2.SdkTests@561b6512]" started-at="2025-11-23T08:33:13 UTC" name="testObjectMapperIgnoresUnknownProperties" finished-at="2025-11-23T08:33:13 UTC" duration-ms="1" status="PASS">
          <reporter-output>
          </reporter-output>
        </test-method> <!-- testObjectMapperIgnoresUnknownProperties -->
        <test-method signature="testPreAndPostHooks()[pri:9, instance:com.mypurecloud.sdk.v2.SdkTests@561b6512]" started-at="2025-11-23T08:33:13 UTC" name="testPreAndPostHooks" finished-at="2025-11-23T08:33:13 UTC" duration-ms="27" status="PASS">
          <reporter-output>
          </reporter-output>
        </test-method> <!-- testPreAndPostHooks -->
        <test-method signature="deleteUser()[pri:10, instance:com.mypurecloud.sdk.v2.SdkTests@561b6512]" started-at="2025-11-23T08:33:13 UTC" name="deleteUser" finished-at="2025-11-23T08:33:13 UTC" duration-ms="129" status="PASS">
          <reporter-output>
          </reporter-output>
        </test-method> <!-- deleteUser -->
        <test-method is-config="true" signature="afterTest()[pri:0, instance:com.mypurecloud.sdk.v2.SdkTests@561b6512]" started-at="2025-11-23T08:33:13 UTC" name="afterTest" finished-at="2025-11-23T08:33:13 UTC" duration-ms="0" status="PASS">
          <reporter-output>
          </reporter-output>
        </test-method> <!-- afterTest -->
      </class> <!-- com.mypurecloud.sdk.v2.SdkTests -->
    </test> <!-- OkHTTP -->
  </suite> <!-- SDK tests -->
</testng-results>
